2025-03-14 10:52:24.985 | INFO     | __main__:<module>:39 - Logging to file: logs\project_log.log
2025-03-14 10:52:24.986 | INFO     | __main__:main:61 - STARTING logger.py
2025-03-14 10:52:24.986 | INFO     | __main__:log_example:52 - This is an example info message.
2025-03-14 10:52:24.986 | WARNING  | __main__:log_example:53 - This is an example warning message.
2025-03-14 10:52:24.987 | ERROR    | __main__:log_example:54 - This is an example error message.
2025-03-14 10:52:24.987 | INFO     | __main__:main:66 - View the log output at logs\project_log.log
2025-03-14 10:52:24.987 | INFO     | __main__:main:67 - EXITING logger.py.
2025-03-21 15:06:13.012 | INFO     | __main__:main:41 - Starting data preparation...
2025-03-21 15:06:13.013 | INFO     | __main__:read_raw_data:26 - Reading raw data from C:\Projects\smart-store-terry\data\raw\customers_data.csv.
2025-03-21 15:06:13.038 | INFO     | __main__:read_raw_data:26 - Reading raw data from C:\Projects\smart-store-terry\data\raw\products_data.csv.
2025-03-21 15:06:13.055 | INFO     | __main__:read_raw_data:26 - Reading raw data from C:\Projects\smart-store-terry\data\raw\sales_data.csv.
2025-03-21 15:06:13.078 | INFO     | __main__:main:45 - Data preparation complete.
2025-03-26 08:40:04.607 | INFO     | __main__:main:162 - ==================================
2025-03-26 08:40:04.608 | INFO     | __main__:main:163 - STARTING prepare_customers_data.py
2025-03-26 08:40:04.608 | INFO     | __main__:main:164 - ==================================
2025-03-26 08:40:04.608 | INFO     | __main__:main:166 - Root project folder: C:\Projects\smart-store-terry
2025-03-26 08:40:04.609 | INFO     | __main__:main:167 - data / raw folder: C:\Projects\smart-store-terry\data\raw
2025-03-26 08:40:04.609 | INFO     | __main__:main:168 - data / prepared folder: C:\Projects\smart-store-terry\data\prepared
2025-03-26 08:40:04.609 | INFO     | __main__:main:169 - scripts folder: C:\Projects\smart-store-terry\scripts
2025-03-26 08:40:04.609 | INFO     | __main__:read_raw_data:66 - FUNCTION START: read_raw_data with file_name=customers_data.csv
2025-03-26 08:40:04.609 | INFO     | __main__:read_raw_data:68 - Reading data from C:\Projects\smart-store-terry\data\raw\customers_data.csv
2025-03-26 08:40:04.619 | INFO     | __main__:read_raw_data:70 - Loaded dataframe with 11 rows and 6 columns
2025-03-26 08:40:04.620 | INFO     | __main__:main:178 - Initial dataframe columns: CustomerID, Name, Region, JoinDate, LoyaltyPoints, PreferredContactMethod
2025-03-26 08:40:04.620 | INFO     | __main__:main:179 - Initial dataframe shape: (11, 6)
2025-03-26 08:40:04.624 | INFO     | __main__:remove_duplicates:98 - FUNCTION START: remove_duplicates with dataframe shape=(11, 6)
2025-03-26 08:40:04.637 | INFO     | __main__:remove_duplicates:102 - Removed 0 duplicate rows
2025-03-26 08:40:04.637 | INFO     | __main__:remove_duplicates:103 - 11 records remaining after removing duplicates.
2025-03-26 08:40:04.638 | INFO     | __main__:handle_missing_values:117 - FUNCTION START: handle_missing_values with dataframe shape=(11, 6)
2025-03-26 08:40:04.640 | INFO     | __main__:handle_missing_values:121 - Total missing values before handling: 0
2025-03-26 08:40:04.645 | INFO     | __main__:handle_missing_values:130 - Total missing values after handling: 0
2025-03-26 08:40:04.646 | INFO     | __main__:handle_missing_values:131 - 11 records remaining after handling missing values.
2025-03-26 08:40:04.647 | INFO     | __main__:remove_outliers:145 - FUNCTION START: remove_outliers with dataframe shape=(11, 6)
2025-03-26 08:40:04.647 | INFO     | __main__:remove_outliers:153 - Removed 0 outlier rows
2025-03-26 08:40:04.647 | INFO     | __main__:remove_outliers:154 - 11 records remaining after removing outliers.
2025-03-26 08:40:04.648 | INFO     | __main__:save_prepared_data:81 - FUNCTION START: save_prepared_data with file_name=customers_data_prepared.csv, dataframe shape=(11, 6)
2025-03-26 08:46:45.398 | INFO     | __main__:main:162 - ==================================
2025-03-26 08:46:45.399 | INFO     | __main__:main:163 - STARTING prepare_customers_data.py
2025-03-26 08:46:45.399 | INFO     | __main__:main:164 - ==================================
2025-03-26 08:46:45.399 | INFO     | __main__:main:166 - Root project folder: C:\Projects\smart-store-terry
2025-03-26 08:46:45.400 | INFO     | __main__:main:167 - data / raw folder: C:\Projects\smart-store-terry\data\raw
2025-03-26 08:46:45.400 | INFO     | __main__:main:168 - data / prepared folder: C:\Projects\smart-store-terry\data\prepared
2025-03-26 08:46:45.400 | INFO     | __main__:main:169 - scripts folder: C:\Projects\smart-store-terry\scripts
2025-03-26 08:46:45.400 | INFO     | __main__:read_raw_data:66 - FUNCTION START: read_raw_data with file_name=customers_data.csv
2025-03-26 08:46:45.400 | INFO     | __main__:read_raw_data:68 - Reading data from C:\Projects\smart-store-terry\data\raw\customers_data.csv
2025-03-26 08:46:45.406 | INFO     | __main__:read_raw_data:70 - Loaded dataframe with 11 rows and 6 columns
2025-03-26 08:46:45.406 | INFO     | __main__:main:178 - Initial dataframe columns: CustomerID, Name, Region, JoinDate, LoyaltyPoints, PreferredContactMethod
2025-03-26 08:46:45.406 | INFO     | __main__:main:179 - Initial dataframe shape: (11, 6)
2025-03-26 08:46:45.408 | INFO     | __main__:remove_duplicates:98 - FUNCTION START: remove_duplicates with dataframe shape=(11, 6)
2025-03-26 08:46:45.413 | INFO     | __main__:remove_duplicates:102 - Removed 0 duplicate rows
2025-03-26 08:46:45.414 | INFO     | __main__:remove_duplicates:103 - 11 records remaining after removing duplicates.
2025-03-26 08:46:45.415 | INFO     | __main__:handle_missing_values:117 - FUNCTION START: handle_missing_values with dataframe shape=(11, 6)
2025-03-26 08:46:45.416 | INFO     | __main__:handle_missing_values:121 - Total missing values before handling: 0
2025-03-26 08:46:45.417 | INFO     | __main__:handle_missing_values:130 - Total missing values after handling: 0
2025-03-26 08:46:45.417 | INFO     | __main__:handle_missing_values:131 - 11 records remaining after handling missing values.
2025-03-26 08:46:45.418 | INFO     | __main__:remove_outliers:145 - FUNCTION START: remove_outliers with dataframe shape=(11, 6)
2025-03-26 08:46:45.418 | INFO     | __main__:remove_outliers:153 - Removed 0 outlier rows
2025-03-26 08:46:45.419 | INFO     | __main__:remove_outliers:154 - 11 records remaining after removing outliers.
2025-03-26 08:46:45.419 | INFO     | __main__:save_prepared_data:81 - FUNCTION START: save_prepared_data with file_name=customers_data_prepared.csv, dataframe shape=(11, 6)
2025-03-26 08:46:45.434 | INFO     | __main__:save_prepared_data:84 - Data saved to C:\Projects\smart-store-terry\data\prepared\customers_data_prepared.csv
2025-03-26 08:46:45.435 | INFO     | __main__:main:202 - ==================================
2025-03-26 08:46:45.437 | INFO     | __main__:main:203 - FINISHED prepare_customers_data.py
2025-03-26 08:46:45.438 | INFO     | __main__:main:204 - ==================================
2025-03-26 09:05:50.317 | INFO     | __main__:main:227 - ==================================
2025-03-26 09:05:50.318 | INFO     | __main__:main:228 - STARTING prepare_products_data.py
2025-03-26 09:05:50.318 | INFO     | __main__:main:229 - ==================================
2025-03-26 09:05:50.319 | INFO     | __main__:main:231 - Root project folder: C:\Projects\smart-store-terry
2025-03-26 09:05:50.319 | INFO     | __main__:main:232 - data / raw folder: C:\Projects\smart-store-terry\data\raw
2025-03-26 09:05:50.319 | INFO     | __main__:main:233 - data / prepared folder: C:\Projects\smart-store-terry\data\prepared
2025-03-26 09:05:50.319 | INFO     | __main__:read_raw_data:59 - FUNCTION START: read_raw_data with file_name=products_data.csv
2025-03-26 09:05:50.319 | INFO     | __main__:read_raw_data:61 - Reading data from C:\Projects\smart-store-terry\data\raw\products_data.csv
2025-03-26 09:05:50.326 | INFO     | __main__:read_raw_data:63 - Loaded dataframe with 8 rows and 6 columns
2025-03-26 09:05:50.326 | INFO     | __main__:main:242 - Initial dataframe columns: ProductID, ProductName, Category, UnitPrice, StockQuantity, Subcategory
2025-03-26 09:05:50.327 | INFO     | __main__:main:243 - Initial dataframe shape: (8, 6)
2025-03-26 09:05:50.330 | INFO     | __main__:main:252 - Cleaned column names: ProductID -> productid, ProductName -> productname, Category -> category, UnitPrice -> unitprice, StockQuantity -> stockquantity, Subcategory -> subcategory
2025-03-26 09:05:50.330 | INFO     | __main__:remove_duplicates:96 - FUNCTION START: remove_duplicates with dataframe shape=(8, 6)
2025-03-26 09:05:50.335 | INFO     | __main__:remove_duplicates:106 - Removed 0 duplicate rows
2025-03-26 09:05:50.336 | INFO     | __main__:remove_duplicates:107 - 8 records remaining after removing duplicates.
2025-03-26 09:05:50.336 | INFO     | __main__:handle_missing_values:121 - FUNCTION START: handle_missing_values with dataframe shape=(8, 6)
2025-03-26 09:05:50.339 | INFO     | __main__:handle_missing_values:126 - Missing values by column before handling:
productid        0
productname      0
category         0
unitprice        0
stockquantity    0
subcategory      0
dtype: int64
2025-03-26 09:05:50.341 | INFO     | __main__:handle_missing_values:140 - Missing values by column after handling:
productid        0
productname      0
category         0
unitprice        0
stockquantity    0
subcategory      0
dtype: int64
2025-03-26 09:05:50.341 | INFO     | __main__:handle_missing_values:141 - 8 records remaining after handling missing values.
2025-03-26 09:05:50.342 | INFO     | __main__:standardize_formats:188 - FUNCTION START: standardize_formats with dataframe shape=(8, 6)
2025-03-26 09:05:50.343 | INFO     | __main__:standardize_formats:198 - Completed standardizing formats
2025-03-26 09:05:50.343 | INFO     | __main__:remove_outliers:155 - FUNCTION START: remove_outliers with dataframe shape=(8, 6)
2025-03-26 09:05:50.343 | INFO     | __main__:remove_outliers:174 - Removed 0 outlier rows
2025-03-26 09:05:50.344 | INFO     | __main__:remove_outliers:175 - 8 records remaining after removing outliers.
2025-03-26 09:05:50.344 | INFO     | __main__:validate_data:211 - FUNCTION START: validate_data with dataframe shape=(8, 6)
2025-03-26 09:05:50.345 | INFO     | __main__:validate_data:220 - Data validation complete
2025-03-26 09:05:50.346 | INFO     | __main__:save_prepared_data:81 - FUNCTION START: save_prepared_data with file_name=products_data_prepared.csv, dataframe shape=(8, 6)
2025-03-26 09:05:50.350 | INFO     | __main__:save_prepared_data:84 - Data saved to C:\Projects\smart-store-terry\data\prepared\products_data_prepared.csv
2025-03-26 09:05:50.350 | INFO     | __main__:main:264 - ==================================
2025-03-26 09:05:50.351 | INFO     | __main__:main:265 - FINISHED prepare_products_data.py
2025-03-26 09:05:50.352 | INFO     | __main__:main:266 - ==================================
2025-03-26 10:21:30.799 | INFO     | __main__:main:150 - ==================================
2025-03-26 10:21:30.800 | INFO     | __main__:main:151 - STARTING prepare_sales_data.py
2025-03-26 10:21:30.800 | INFO     | __main__:main:152 - ==================================
2025-03-26 10:21:30.800 | INFO     | __main__:main:154 - Root project folder: C:\Projects\smart-store-terry
2025-03-26 10:21:30.800 | INFO     | __main__:main:155 - data / raw folder: C:\Projects\smart-store-terry\data\raw
2025-03-26 10:21:30.800 | INFO     | __main__:main:156 - data / prepared folder: C:\Projects\smart-store-terry\data\prepared
2025-03-26 10:21:30.800 | INFO     | __main__:main:157 - scripts folder: C:\Projects\smart-store-terry\scripts
2025-03-26 10:21:30.801 | INFO     | __main__:read_raw_data:57 - FUNCTION START: read_raw_data with file_name=sales_data.csv
2025-03-26 10:21:30.801 | INFO     | __main__:read_raw_data:59 - Reading data from C:\Projects\smart-store-terry\data\raw\sales_data.csv
2025-03-26 10:21:30.823 | INFO     | __main__:read_raw_data:61 - Loaded dataframe with 94 rows and 9 columns
2025-03-26 10:21:30.824 | INFO     | __main__:main:166 - Initial dataframe columns: TransactionID, SaleDate, CustomerID, ProductID, StoreID, CampaignID, SaleAmount, DiscountPercent, State
2025-03-26 10:21:30.827 | INFO     | __main__:main:167 - Initial dataframe shape: (94, 9)
2025-03-26 10:21:30.828 | INFO     | __main__:remove_duplicates:87 - FUNCTION START: remove_duplicates with dataframe shape=(94, 9)
2025-03-26 10:21:30.831 | INFO     | __main__:remove_duplicates:91 - Removed 0 duplicate rows
2025-03-26 10:21:30.831 | INFO     | __main__:remove_duplicates:92 - 94 records remaining after removing duplicates.
2025-03-26 10:21:30.831 | INFO     | __main__:handle_missing_values:106 - FUNCTION START: handle_missing_values with dataframe shape=(94, 9)
2025-03-26 10:21:30.835 | INFO     | __main__:handle_missing_values:110 - Total missing values before handling: 0
2025-03-26 10:21:30.837 | INFO     | __main__:handle_missing_values:119 - Total missing values after handling: 0
2025-03-26 10:21:30.837 | INFO     | __main__:handle_missing_values:120 - 94 records remaining after handling missing values.
2025-03-26 10:21:30.838 | INFO     | __main__:remove_outliers:134 - FUNCTION START: remove_outliers with dataframe shape=(94, 9)
2025-03-26 10:21:30.839 | INFO     | __main__:remove_outliers:142 - Removed 0 outlier rows
2025-03-26 10:21:30.839 | INFO     | __main__:remove_outliers:143 - 94 records remaining after removing outliers.
2025-03-26 10:21:30.840 | INFO     | __main__:save_prepared_data:72 - FUNCTION START: save_prepared_data with file_name=sales_data_prepared.csv, dataframe shape=(94, 9)
2025-03-26 10:21:30.844 | INFO     | __main__:save_prepared_data:75 - Data saved to C:\Projects\smart-store-terry\data\prepared\sales_data_prepared.csv
2025-03-26 10:21:30.845 | INFO     | __main__:main:190 - ==================================
2025-03-26 10:21:30.845 | INFO     | __main__:main:191 - FINISHED prepare_sales_data.py
2025-03-26 10:21:30.846 | INFO     | __main__:main:192 - ==================================
2025-03-30 15:28:29.190 | INFO     | __main__:main:41 - Starting data preparation...
2025-03-30 15:28:29.191 | INFO     | __main__:read_raw_data:26 - Reading raw data from C:\Projects\smart-store-terry\data\raw\customers_data.csv.
2025-03-30 15:28:29.201 | INFO     | __main__:read_raw_data:26 - Reading raw data from C:\Projects\smart-store-terry\data\raw\products_data.csv.
2025-03-30 15:28:29.204 | INFO     | __main__:read_raw_data:26 - Reading raw data from C:\Projects\smart-store-terry\data\raw\sales_data.csv.
2025-03-30 15:28:29.207 | INFO     | __main__:main:45 - Data preparation complete.
